=== Flat Soft Voting Ensemble + GridSearchCV ===
Data: HuffPost + BBC | 13 nhãn | CV=3

Dataset: 190662 mẫu, 13 nhãn
Train: 152529 | Test: 38133

============================================================
STEP A: Grid Search TF-IDF hyperparameters (proxy = NB)
============================================================
  8 TF-IDF combinations × 3 folds

  [max_f=30000, ngram=(1, 1), sublinear=True] → F1=0.4704
  [max_f=30000, ngram=(1, 1), sublinear=False] → F1=0.4717
  [max_f=30000, ngram=(1, 2), sublinear=True] → F1=0.5036
  [max_f=30000, ngram=(1, 2), sublinear=False] → F1=0.5045
  [max_f=50000, ngram=(1, 1), sublinear=True] → F1=0.4201
  [max_f=50000, ngram=(1, 1), sublinear=False] → F1=0.4219
  [max_f=50000, ngram=(1, 2), sublinear=True] → F1=0.4730
  [max_f=50000, ngram=(1, 2), sublinear=False] → F1=0.4733

  ✅ Best TF-IDF: {'max_features': 30000, 'ngram_range': (1, 2), 'sublinear_tf': False} (CV F1=0.5045)

  Fitting final TF-IDF vectorizer...
  Shape: (152529, 30000) (8.3s)

============================================================
STEP B: Grid Search MultinomialNB (alpha)
============================================================
  Grid search: 5 combinations × 3 folds = 15 fits
    [alpha=0.01] → CV Macro F1 = 0.5826
    [alpha=0.1] → CV Macro F1 = 0.5899
    [alpha=0.5] → CV Macro F1 = 0.5101
    [alpha=1.0] → CV Macro F1 = 0.4481
    [alpha=2.0] → CV Macro F1 = 0.3736

  ✅ Best NB: alpha=0.1 (CV F1=0.5899)

============================================================
STEP C: Grid Search LogisticRegression_OVR (lr, epochs)
============================================================
  Grid search: 6 combinations × 3 folds = 18 fits
    [lr=0.001, epochs=50] → CV Macro F1 = 0.5581
    [lr=0.001, epochs=100] → CV Macro F1 = 0.5674
    [lr=0.01, epochs=50] → CV Macro F1 = 0.0950
    [lr=0.01, epochs=100] → CV Macro F1 = 0.5788
    [lr=0.05, epochs=50] → CV Macro F1 = 0.0034
    [lr=0.05, epochs=100] → CV Macro F1 = 0.5457

  ✅ Best LR: {'lr': 0.01, 'epochs': 100} (CV F1=0.5788)

============================================================
STEP D: Grid Search LinearSVM_OVR (lambda_param, epochs)
============================================================
  Grid search: 6 combinations × 3 folds = 18 fits
    [lambda_param=0.001, epochs=50] → CV Macro F1 = 0.5847
    [lambda_param=0.001, epochs=100] → CV Macro F1 = 0.6008
    [lambda_param=0.01, epochs=50] → CV Macro F1 = 0.5666
    [lambda_param=0.01, epochs=100] → CV Macro F1 = 0.5667
    [lambda_param=0.1, epochs=50] → CV Macro F1 = 0.4601
    [lambda_param=0.1, epochs=100] → CV Macro F1 = 0.4622

  ✅ Best SVM: {'lambda_param': 0.001, 'epochs': 100} (CV F1=0.6008)

============================================================
STEP E: Train Final Soft Voting Ensemble (best params)
============================================================
  TF-IDF  : {'max_features': 30000, 'ngram_range': (1, 2), 'sublinear_tf': False}
  NB      : alpha=0.1
  LR_OVR  : {'lr': 0.01, 'epochs': 100}
  SVM_OVR : {'lambda_param': 0.001, 'epochs': 100}

  Training ensemble...
  Train xong (16.6s)

Dự đoán trên tập test...

============================================================
Test Accuracy : 70.2462%
Macro F1-Score: 60.3139%
============================================================

Classification Report:
                      precision    recall  f1-score   support

      Arts & Culture       0.73      0.27      0.39       653
            Business       0.64      0.49      0.55      1479
           Community       0.64      0.41      0.50      3173
           Education       0.54      0.19      0.28       365
       Entertainment       0.66      0.69      0.67      4904
         Environment       0.63      0.39      0.48       698
              Family       0.68      0.69      0.69      3885
       Food & drinks       0.77      0.74      0.76      1654
              Health       0.67      0.80      0.73      4642
           Lifestyle       0.73      0.77      0.75      5438
Politics and society       0.74      0.85      0.79      9396
              Sports       0.78      0.66      0.71       985
      Tech & Science       0.73      0.41      0.53       861

            accuracy                           0.70     38133
           macro avg       0.69      0.57      0.60     38133
        weighted avg       0.70      0.70      0.69     38133


Lưu model vào flat_gridsearch_model.pkl...
✅ Lưu thành công!
