=== Flat Soft Voting Ensemble (HuffPost + BBC) ===
Đọc dataset...
Tổng: 190662 mẫu, 13 nhãn
category
Politics and society    46979
Lifestyle               27188
Entertainment           24522
Health                  23208
Family                  19425
Community               15864
Food & drinks            8271
Business                 7397
Sports                   4925
Tech & Science           4307
Environment              3488
Arts & Culture           3265
Education                1823
Name: count, dtype: int64

Train: 152529 | Test: 38133

Fitting TF-IDF Vectorizer (ngram 1-2, max_features=50000)...
  Vectorizer xong (10.2s). Shape train: (152529, 50000)

Khởi tạo models...

Bắt đầu training...
  -> Đang train MultinomialNB...
     Xong MultinomialNB (0.1s)
  -> Đang train LogisticRegression_OVR...
     Xong LogisticRegression_OVR (8.6s)
  -> Đang train LinearSVM_OVR...
     Xong LinearSVM_OVR (9.0s)

Dự đoán trên tập test...

==================================================
Tổng thời gian (train + predict): 17.8s
Test Accuracy : 68.7593%
Macro F1-Score: 50.7452%
==================================================

Classification Report:
                      precision    recall  f1-score   support

      Arts & Culture       0.93      0.06      0.12       653
            Business       0.74      0.35      0.48      1479
           Community       0.69      0.36      0.47      3173
           Education       1.00      0.00      0.01       365
       Entertainment       0.65      0.70      0.67      4904
         Environment       0.78      0.10      0.18       698
              Family       0.69      0.69      0.69      3885
       Food & drinks       0.83      0.66      0.73      1654
              Health       0.65      0.82      0.73      4642
           Lifestyle       0.70      0.80      0.74      5438
Politics and society       0.68      0.90      0.78      9396
              Sports       0.85      0.50      0.63       985
      Tech & Science       0.89      0.24      0.38       861

            accuracy                           0.69     38133
           macro avg       0.77      0.47      0.51     38133
        weighted avg       0.71      0.69      0.66     38133


Lưu model vào flat_ensemble_model.pkl...
Lưu thành công!
